TN:
SF:contracts\ChainPass.sol
BRDA:166,0,039594c6e2a9779e66f7dd14ef46f59be9f6a7fb4c5f0fae1ea1e50e69bc7dc2,22
BRDA:163,0,7b0c9b35d89c3c747a5d275426c8d53fdc5248869f41e8576d82569c961e15ce,23
BRDA:164,0,77a149e5750e70d6b56ec5fe9bcfb4935a2352d24411269af66f8a99a0f47389,22
BRDA:165,0,77a149e5750e70d6b56ec5fe9bcfb4935a2352d24411269af66f8a99a0f47389,22
BRDA:167,0,d8e605fb742675ec22dce42df2ce072e758dd1d2952646315b6d73944e8c5342,22
BRDA:168,0,d8e605fb742675ec22dce42df2ce072e758dd1d2952646315b6d73944e8c5342,22
BRDA:169,0,d8e605fb742675ec22dce42df2ce072e758dd1d2952646315b6d73944e8c5342,22
BRDA:170,0,d8e605fb742675ec22dce42df2ce072e758dd1d2952646315b6d73944e8c5342,22
BRDA:171,0,d8e605fb742675ec22dce42df2ce072e758dd1d2952646315b6d73944e8c5342,22
BRDA:172,0,d8e605fb742675ec22dce42df2ce072e758dd1d2952646315b6d73944e8c5342,22
BRDA:173,0,d8e605fb742675ec22dce42df2ce072e758dd1d2952646315b6d73944e8c5342,22
BRDA:174,0,d8e605fb742675ec22dce42df2ce072e758dd1d2952646315b6d73944e8c5342,22
BRDA:175,0,d8e605fb742675ec22dce42df2ce072e758dd1d2952646315b6d73944e8c5342,22
BRDA:176,0,d8e605fb742675ec22dce42df2ce072e758dd1d2952646315b6d73944e8c5342,22
BRDA:177,0,d8e605fb742675ec22dce42df2ce072e758dd1d2952646315b6d73944e8c5342,22
BRDA:162,0,65f309217182fc527105e9a72ad9b96dcb4450219083d26f842aea77344e0e3f,24
BRDA:178,0,ea36bea054f03dae1c73198a9ba1b54fff22b2edfe82de308101ee1cb97c94cb,22
BRDA:179,0,ea36bea054f03dae1c73198a9ba1b54fff22b2edfe82de308101ee1cb97c94cb,22
BRDA:295,0,81eeff7547d049fed88c2f5f31d2ecf279e1843cd96683f84b7820c7e41c692b,3
BRDA:162,0,dda6de33c07c8178ca9e9aa7a8853a9745b9d9d70cd2b6d7f1b1f5262a647d6b,1
BRDA:163,0,1ce93480db811985827af25e5041357397ea01fb9b66abdc26cbe3b06abdc68b,1
BRDA:38,0,14145f673a31c5f2b8e23ac3cc3886d9824c0a94f685e76ff868a9b0de7963ab,23
BRDA:37,0,c1b3e11493dbfbb151418572ae8579f7d31e3b4d3c570cb39e431076f57eeaee,25
BRDA:187,0,f26e8b809e1e61d31df1bfa6e02c6b65b8156b333bfa7c288fc95698b14f7302,18
BRDA:188,0,f26e8b809e1e61d31df1bfa6e02c6b65b8156b333bfa7c288fc95698b14f7302,18
BRDA:189,0,0350224edeb757810429e8076d686dab7db0d935f86481716a157e5e0cc5e928,18
BRDA:185,0,7024cd27e734c354615c4b20720e234c854a08c787caab8f2b6d2f67e75aa0f6,19
BRDA:186,0,33ed2238918a545fa58f5e273b5d80767fe79bdd3eb7d76026ebe8ed6ece20c8,19
BRDA:219,0,f9e0a3a30d32bf3f3ffed2f539afcb9cb2c91271841ee843ed06e1e83d0b17eb,2
BRDA:222,0,7e49693d463ef46ae7b835ec65cb9c14e4c9ce0ea5c9828af5f48ff82d99e969,2
BRDA:218,0,7d4ede9ee0ba6e8aa69a5c9eeaa28fe3e25c86292c0980dbf185dfb8a23e9586,2
BRDA:220,0,b98dabe50f1a81342a874708abc2203522277de0a236eafbb4be30696b4774bd,2
BRDA:221,0,b98dabe50f1a81342a874708abc2203522277de0a236eafbb4be30696b4774bd,2
BRDA:37,0,c9d23b16a66128453b235f7ca8c785f5daa994ec08f0d4e046140c7f37560cc9,2
BRDA:186,0,d2099ffffd50d4e3095d72f90d97c2142b1a58e9085923f75a0e63f2d8b56da1,1
BRDA:234,0,4bf88566b1691904d51bc0ac81c32525f7861438445e269e6f069a24390a2444,18
BRDA:235,0,4bf88566b1691904d51bc0ac81c32525f7861438445e269e6f069a24390a2444,18
BRDA:241,0,a7b783c6488e9a428fc776cee7c0059405be9ee3394909a135256b52b6d2d75d,18
BRDA:242,0,a7b783c6488e9a428fc776cee7c0059405be9ee3394909a135256b52b6d2d75d,18
BRDA:243,0,a7b783c6488e9a428fc776cee7c0059405be9ee3394909a135256b52b6d2d75d,18
BRDA:244,0,840f2e18db2fb61df5240faceb5c0a3275af27e065543b4023748390b4c5f630,18
BRDA:245,0,840f2e18db2fb61df5240faceb5c0a3275af27e065543b4023748390b4c5f630,18
BRDA:123,0,5161d2beaae07959265ef41392b1ff569622b5565d564682eda58beee10d17f1,19
BRDA:239,0,d5c0fd22f46f2ba3a633eb8e8096a134885a8320f2ae99b46ff7f2ff1894bbc1,18
BRDA:236,0,3cfb31d5f598bf257cd13c4510d7f3df3661f7ab4391734e1ca40c3fb80d8096,18
BRDA:237,0,3cfb31d5f598bf257cd13c4510d7f3df3661f7ab4391734e1ca40c3fb80d8096,18
BRDA:238,0,3cfb31d5f598bf257cd13c4510d7f3df3661f7ab4391734e1ca40c3fb80d8096,18
BRDA:43,0,9584d5e905ee779722cb0cd07dc9d6ea8cbb391ab15b7ec32a1f4e2ac041e7ea,20
BRDA:42,0,97081c026a27eed4120d25eb95d57ed796a990c719d4feb74ddd4ab3b2f43046,20
BRDA:246,0,268089e77f05983ebaf217fd9de4c63d7297108d921b0e89b1865e1a42453ff2,18
BRDA:121,0,15c698f6723b640e1b5ad249dd926a88903bb777dbcf20af071c36df5786c3a3,19
BRDA:122,0,15c698f6723b640e1b5ad249dd926a88903bb777dbcf20af071c36df5786c3a3,19
BRDA:231,0,64db12e15680b7f2af72e762727486314998e8c06d2a83d9659120e2f45e1430,20
BRDA:232,0,0e956375a63476d2b975a79d404bf3cac07cecb111a445f76d2c4dd24dd70ed2,19
BRDA:233,0,0e956375a63476d2b975a79d404bf3cac07cecb111a445f76d2c4dd24dd70ed2,19
BRDA:124,0,5446324cea08fcfe4880e388181a54ed3af5ab51a024637b4f6326e3cff234c8,19
BRDA:240,0,c6fc97f76718fe44bd704bc24805f9136d07ba80de43d9885351cfdb96b12e4f,18
BRDA:125,0,3e29745720c17d63a02468f12fba56e3421505cca7f93ca5bba2b432bec46ac0,18
BRDA:120,0,59a1903ba8f8fa659a832615b649af81a9e653d4a89600a5d36cb2b49dc487e2,19
BRDA:302,0,a33893c8f4b345df19e28a122abe04924360e814cb849a7e02dbbc18629d23c3,2
BRDA:231,0,ba0a6303c4fd88ad09d3eebd5e77391e150b80dff019dcfe2cdda3a0bfd5d117,1
BRDA:124,0,aae7f2038c1f53b45526b746945b67f7a7cf043a27ef746023a05e2f62abd741,1
BRDA:270,0,9a79d497fb952112e88c09797bf0d60688d613e6e1baf4fe6037d146d813886f,2
BRDA:271,0,9a79d497fb952112e88c09797bf0d60688d613e6e1baf4fe6037d146d813886f,2
BRDA:272,0,9a79d497fb952112e88c09797bf0d60688d613e6e1baf4fe6037d146d813886f,2
BRDA:256,0,bab28c9632dac7cde51000d545c9419be20851bd1fbcc331d855885c38034792,2
BRDA:257,0,bab28c9632dac7cde51000d545c9419be20851bd1fbcc331d855885c38034792,2
BRDA:258,0,bab28c9632dac7cde51000d545c9419be20851bd1fbcc331d855885c38034792,2
BRDA:253,0,c89677b2198385d7f04db68636ef7f50dd5220f282324d5170e36d51fe653234,3
BRDA:132,0,6033f12809cd3c4bbe917c0cd06f91d085f8a0fd9bd08e3dcd85d148e9f27062,3
BRDA:265,0,b6740374f699f487efce491b20f5b015edad6e0258df330c56efebe117ad99ee,2
BRDA:135,0,ba62d20d4dc2c172e8f64dd01cd0f06b98a46dac719cd742da62a69152d6936a,3
BRDA:264,0,8a79ff75c11f611a6db8b2b85be4e6daae5730faee93a7c33f214ad999ccb8d9,2
BRDA:265,0,8a79ff75c11f611a6db8b2b85be4e6daae5730faee93a7c33f214ad999ccb8d9,2
BRDA:266,0,8a79ff75c11f611a6db8b2b85be4e6daae5730faee93a7c33f214ad999ccb8d9,2
BRDA:267,0,8a79ff75c11f611a6db8b2b85be4e6daae5730faee93a7c33f214ad999ccb8d9,2
BRDA:268,0,8a79ff75c11f611a6db8b2b85be4e6daae5730faee93a7c33f214ad999ccb8d9,2
BRDA:263,0,7920c9f05c567ad6d933eff8045fcea3b18be36638ef6c0cd2266d54894cb58c,2
BRDA:264,0,7920c9f05c567ad6d933eff8045fcea3b18be36638ef6c0cd2266d54894cb58c,2
BRDA:265,0,7920c9f05c567ad6d933eff8045fcea3b18be36638ef6c0cd2266d54894cb58c,2
BRDA:266,0,7920c9f05c567ad6d933eff8045fcea3b18be36638ef6c0cd2266d54894cb58c,2
BRDA:267,0,7920c9f05c567ad6d933eff8045fcea3b18be36638ef6c0cd2266d54894cb58c,2
BRDA:268,0,7920c9f05c567ad6d933eff8045fcea3b18be36638ef6c0cd2266d54894cb58c,2
BRDA:269,0,7920c9f05c567ad6d933eff8045fcea3b18be36638ef6c0cd2266d54894cb58c,2
BRDA:260,0,42262443fedac7da289037d7100ea3a2fc0c47fe6b4a893553f683c6fc84d698,2
BRDA:261,0,42262443fedac7da289037d7100ea3a2fc0c47fe6b4a893553f683c6fc84d698,2
BRDA:262,0,42262443fedac7da289037d7100ea3a2fc0c47fe6b4a893553f683c6fc84d698,2
BRDA:264,0,0c6766aa91587f5724ba54587fa44c9b7ceea20fffa50d52e8f55c332f401a69,2
BRDA:265,0,0c6766aa91587f5724ba54587fa44c9b7ceea20fffa50d52e8f55c332f401a69,2
BRDA:266,0,0c6766aa91587f5724ba54587fa44c9b7ceea20fffa50d52e8f55c332f401a69,2
BRDA:267,0,0c6766aa91587f5724ba54587fa44c9b7ceea20fffa50d52e8f55c332f401a69,2
BRDA:268,0,0c6766aa91587f5724ba54587fa44c9b7ceea20fffa50d52e8f55c332f401a69,2
BRDA:254,0,b46078d82e2ce5c83e7685689977146d146e95e610512af8622959614a6a225b,2
BRDA:255,0,b46078d82e2ce5c83e7685689977146d146e95e610512af8622959614a6a225b,2
BRDA:266,0,08f7a8a4a968773a38d12b625f14f4a64d576ae73966e5edfe908f29f399e637,2
BRDA:259,0,58fff83433d5681aef8105f77ac61e3e5654c6981b54d808a304f25bf4a7eaf6,2
BRDA:136,0,313f707ba049ac84675f1841ee3e2c73b6a0638e3c6f3eea7ebeb79a5913b855,2
BRDA:133,0,14df4e247d0e35778d642ce8e5b6c0e62b0bc44a3b9632e7469cfc568985d44b,3
BRDA:134,0,14df4e247d0e35778d642ce8e5b6c0e62b0bc44a3b9632e7469cfc568985d44b,3
BRDA:263,0,c606568f0d67b212ca1cddd308bdcd3770136fd3b4836fe64d5a6f3c3d7ff44e,2
BRDA:264,0,c606568f0d67b212ca1cddd308bdcd3770136fd3b4836fe64d5a6f3c3d7ff44e,2
BRDA:265,0,c606568f0d67b212ca1cddd308bdcd3770136fd3b4836fe64d5a6f3c3d7ff44e,2
BRDA:266,0,c606568f0d67b212ca1cddd308bdcd3770136fd3b4836fe64d5a6f3c3d7ff44e,2
BRDA:267,0,c606568f0d67b212ca1cddd308bdcd3770136fd3b4836fe64d5a6f3c3d7ff44e,2
BRDA:268,0,c606568f0d67b212ca1cddd308bdcd3770136fd3b4836fe64d5a6f3c3d7ff44e,2
BRDA:269,0,c606568f0d67b212ca1cddd308bdcd3770136fd3b4836fe64d5a6f3c3d7ff44e,2
BRDA:267,0,880e7b475ba50d4bea9e2df2482655ee41ecad83a4d0f57bc1c7e1cf11c0e5c5,2
BRDA:273,0,6c6ba3de7ccab489617c9913473a9584082d648097c12c2ae7cced6c961323da,2
BRDA:274,0,6c6ba3de7ccab489617c9913473a9584082d648097c12c2ae7cced6c961323da,2
BRDA:275,0,6c6ba3de7ccab489617c9913473a9584082d648097c12c2ae7cced6c961323da,2
BRDA:276,0,8e65371f788bec35fe77e5541c403cf7fd62dcf593438fa9dc8347437284b363,2
BRDA:277,0,0ba2aa5ee941650eb5e86db325865e3570be10c81a45db20734878777bac2df5,2
BRDA:278,0,9888d9f8138b8edfd1d9d2c800366a73f66cafb239b356cb24e486b5bb7d3dfe,2
BRDA:279,0,9888d9f8138b8edfd1d9d2c800366a73f66cafb239b356cb24e486b5bb7d3dfe,2
BRDA:135,0,76d53d1bbe5c242b9350550cc70faa5b940187f255241c1e5180dec7d4718e7f,1
BRDA:319,0,1aca54c832e85646cd49a5efdaa3c8ee544c90ac110956d3997dde891d89d1a0,2
BRDA:143,0,e0ea0c7c0b86569a4a708d37f824dfecb3d7a06190dd112d0ec526b37ab3becf,2
BRDA:144,0,ee353d0d935cb1bb3e24a0cff743884fed7f6a5be562f08dd03d85aeb6b79494,2
BRDA:145,0,ee353d0d935cb1bb3e24a0cff743884fed7f6a5be562f08dd03d85aeb6b79494,2
BRDA:322,0,4046da939ebdb0146512c9a5a70387c45cd40a7d6239ecad359a107604a84415,2
BRDA:323,0,63e53aa037e05c9898c556ac3ec76bcae6f996a836e36b89709e8398058978fa,2
BRDA:324,0,63e53aa037e05c9898c556ac3ec76bcae6f996a836e36b89709e8398058978fa,2
BRDA:325,0,63e53aa037e05c9898c556ac3ec76bcae6f996a836e36b89709e8398058978fa,2
BRDA:149,0,a19113992f158c4f7a412ba31709cb76b03f75f65afe859d1f8e540c769dd1a3,2
BRDA:326,0,ff40140f6f306c99378229e64170ca188ce6b64261afeefb62efd46fc5f58b21,2
BRDA:327,0,ff40140f6f306c99378229e64170ca188ce6b64261afeefb62efd46fc5f58b21,2
BRDA:329,0,b0b38d05204cacef8186389f1bdc7c958a316c90a2da9409ba0eb8c80057679f,2
BRDA:330,0,b0b38d05204cacef8186389f1bdc7c958a316c90a2da9409ba0eb8c80057679f,2
BRDA:146,0,6af9ab6e0a8fd47964d72a9f8adce90120da260861e439bbf09e53c27039249c,2
BRDA:328,0,556ab9d984658a3a67ef61460a584f5bf320942784bb97b635b06fd2f064c63d,2
BRDA:147,0,693d9d7f99c8efd96dc698d4bdbcf610e21efbc6895a5882379cf40d465e1d68,2
BRDA:148,0,693d9d7f99c8efd96dc698d4bdbcf610e21efbc6895a5882379cf40d465e1d68,2
BRDA:320,0,d6a6cda2094aac255c0bdddcfd845cf48691b0a3d0e5ceb5eb52ec1b654dd641,2
BRDA:321,0,d6a6cda2094aac255c0bdddcfd845cf48691b0a3d0e5ceb5eb52ec1b654dd641,2
BRDA:111,0,a62ce2461cb1a7a090497ad6b8b7c4ad875c177a4f14bddb2cff10bdc84bddb5,2
BRDA:310,0,649a982f26961375412cd15f81a3aa844918a2cbca1b79564dc26371f71c34bf,1
BRDA:42,0,4d2f1baeac979a5b0f805f9e609d24448f3732d071ca780e733fc3c9b34df873,-
BRDA:122,0,7a535df86e6035d50ba0fad96aebc9527d5f2aca2cfbbcccd405ec4aa7ee6eb3,-
BRDA:123,0,cc2d0b64c5a0ca0ef5f283513fbe1636eb1c9edba4a6f4115b7323c330830c4a,-
BRDA:125,0,6d7d785496ff45d1516ddbcacc6313fc68fb85e2436adfd09a7ea5eef80d7f3d,-
BRDA:134,0,520884f20834422b16850825fb2567c07b0d0a56b70f3e94cd1d47b144c00f06,-
BRDA:136,0,9411acd63d8f0ac74d90ca24a734cb126ad6c5832f23f93fe74a14ba44d4b648,-
BRDA:145,0,a7c37ad392cd37600d9803d6c3ee7d384a19cd7c245fb8c92b297d184571dce0,-
BRDA:146,0,c3d99a0d9863993fe8298d003970bb3d5262969188c11ce13d9c0e26ff5e82eb,-
BRDA:149,0,c4d67d26995cf53a97325a7538699c7fab2d8b40b00a9a110a16b0252a15fc4c,-
BRDA:196,0,0855d6993297ee121dc4aeaf5d215d174cb999b44acee7cfe7cc61883aa8434d,-
BRDA:197,0,a93b721108f61fe23573bf8b70b0755a0cb847fd7928a8cf66ec4cc6868a97e2,-
BRDA:197,0,1547e65ae4debf297de9556aacbcbf2411a5383c375a01659bf35c73c7d84d62,-
BRDA:198,0,29467d748ebc304a7c7221dd693f3ab27667f50f1414110ce72b040b21cd412e,-
BRDA:199,0,29467d748ebc304a7c7221dd693f3ab27667f50f1414110ce72b040b21cd412e,-
BRDA:200,0,1085f68ec8a688749bee9a125d30e40dd08ab36a44a1f409378a537cd6f307e3,-
BRDA:207,0,a48e38140a0010f7227c8c312f8649e27321fb006b7cfe1c5c16808eaf594bf0,-
BRDA:208,0,082526f6851fd63c95ec6a77433ac0022f6997ca5b13606be43a5e52e5a448c0,-
BRDA:208,0,196af5c2360cfaf186708fc0e926b49c5042db2926851dd20b8800ebb53e9cbc,-
BRDA:209,0,b035131df88326dcee1128be79dc8ba3b5fca7d00e327df464c471747864b644,-
BRDA:210,0,b035131df88326dcee1128be79dc8ba3b5fca7d00e327df464c471747864b644,-
BRDA:211,0,4894609c7e90f744670e21717a8b07737d01403c8d00aeaf9c6b7f7e09bb5250,-
BRDA:219,0,bb5d18b10a0b0aebe1bdffd2ff58745bef65598a083949899fc4139cf291e57b,-
BRDA:277,0,f23074c1f919df4a7aba52fd1e673e7c58ce97b2c465408e5a836f7c98b61369,-
BRDA:288,0,82a83e44a737df1735f6d0691ec56246e204fba04f646c6458f5aa39c48d2a10,-
BRDA:328,0,ad5b5787c77afa0aae01bbd7d3aa890fe4bc331028cd4131499131a420658a5d,-
BRH:136
BRF:161
DA:166,22
DA:163,24
DA:164,22
DA:165,22
DA:167,22
DA:168,22
DA:169,22
DA:170,22
DA:171,22
DA:172,22
DA:173,22
DA:174,22
DA:175,22
DA:176,22
DA:177,22
DA:162,25
DA:178,22
DA:179,22
DA:295,3
DA:38,23
DA:37,27
DA:187,18
DA:188,18
DA:189,18
DA:185,19
DA:186,20
DA:219,2
DA:222,2
DA:218,2
DA:220,2
DA:221,2
DA:234,18
DA:235,18
DA:241,18
DA:242,18
DA:243,18
DA:244,18
DA:245,18
DA:123,19
DA:239,18
DA:236,18
DA:237,18
DA:238,18
DA:43,20
DA:42,20
DA:246,18
DA:121,19
DA:122,19
DA:231,21
DA:232,19
DA:233,19
DA:124,20
DA:240,18
DA:125,18
DA:120,19
DA:302,2
DA:270,2
DA:271,2
DA:272,2
DA:256,2
DA:257,2
DA:258,2
DA:253,3
DA:132,3
DA:265,10
DA:135,4
DA:264,8
DA:266,10
DA:267,10
DA:268,8
DA:263,4
DA:269,4
DA:260,2
DA:261,2
DA:262,2
DA:254,2
DA:255,2
DA:259,2
DA:136,2
DA:133,3
DA:134,3
DA:273,2
DA:274,2
DA:275,2
DA:276,2
DA:277,2
DA:278,2
DA:279,2
DA:319,2
DA:143,2
DA:144,2
DA:145,2
DA:322,2
DA:323,2
DA:324,2
DA:325,2
DA:149,2
DA:326,2
DA:327,2
DA:329,2
DA:330,2
DA:146,2
DA:328,2
DA:147,2
DA:148,2
DA:320,2
DA:321,2
DA:111,2
DA:310,1
DA:196,0
DA:197,0
DA:198,0
DA:199,0
DA:200,0
DA:207,0
DA:208,0
DA:209,0
DA:210,0
DA:211,0
DA:288,0
LH:109
LF:120
end_of_record
